<?xml version="1.0" encoding="UTF-8"?>
<testsuite name="ar.edu.grupoesfera.enviospostales.modelo.CalculadorDeCostosDeEnvioTest" tests="1" skipped="0" failures="0" errors="0" timestamp="2020-12-10T18:56:01" hostname="AR0C02DJ1XHML85" time="0.004">
  <properties/>
  <testcase name="cantidadDePaquetesNegativoDeberiaDarError" classname="ar.edu.grupoesfera.enviospostales.modelo.CalculadorDeCostosDeEnvioTest" time="0.004"/>
  <system-out><![CDATA[]]></system-out>
  <system-err><![CDATA[]]></system-err>
</testsuite>
